<?xml version="1.0" encoding="UTF-8"?>
<!-- Generated by org.testng.reporters.JUnitReportReporter -->
<testsuite skipped="0" hostname="DESKTOP-MDBLIRD" name="com.moodys.qats.test.TestRunner" tests="1" failures="0" timestamp="27 Aug 2020 11:48:36 GMT" time="161.001" errors="0">
  <testcase name="feature" time="161.001" classname="com.moodys.qats.test.TestRunner"/>
</testsuite> <!-- com.moodys.qats.test.TestRunner -->
